<?xml version="1.0" encoding="UTF-8"?>
<testng-results ignored="0" total="1" passed="1" failed="0" skipped="0">
  <reporter-output>
  </reporter-output>
  <suite started-at="2024-09-14T13:03:49 IST" name="Default suite" finished-at="2024-09-14T13:03:57 IST" duration-ms="7175">
    <groups>
    </groups>
    <test started-at="2024-09-14T13:03:49 IST" name="Default test" finished-at="2024-09-14T13:03:57 IST" duration-ms="7175">
      <class name="jen.jenkins_peoject.Login_and_LaunchBrowser">
        <test-method signature="login()[pri:0, instance:jen.jenkins_peoject.Login_and_LaunchBrowser@bae7dc0]" started-at="2024-09-14T13:03:49 IST" name="login" finished-at="2024-09-14T13:03:57 IST" duration-ms="7118" status="PASS">
          <reporter-output>
          </reporter-output>
        </test-method> <!-- login -->
      </class> <!-- jen.jenkins_peoject.Login_and_LaunchBrowser -->
    </test> <!-- Default test -->
  </suite> <!-- Default suite -->
</testng-results>
